<?xml version="1.0" encoding="UTF-8"?>
<!-- Generated by org.testng.reporters.JUnitReportReporter -->
<testsuite hostname="ThinkPad-PC" name="com.nhanvo.springmvc.controller.AppControllerTest" tests="10" failures="0" timestamp="22 Sep 2016 07:39:10 GMT" time="0.084" errors="0">
  <testcase name="saveEmployeeWithSuccess" time="0.003" classname="com.nhanvo.springmvc.controller.AppControllerTest"/>
  <testcase name="newEmployee" time="0.002" classname="com.nhanvo.springmvc.controller.AppControllerTest"/>
  <testcase name="saveEmployeeWithValidationError" time="0.006" classname="com.nhanvo.springmvc.controller.AppControllerTest"/>
  <testcase name="updateEmployeeWithValidationErrorNonUniqueSSN" time="0.003" classname="com.nhanvo.springmvc.controller.AppControllerTest"/>
  <testcase name="editEmployee" time="0.035" classname="com.nhanvo.springmvc.controller.AppControllerTest"/>
  <testcase name="saveEmployeeWithValidationErrorNonUniqueSSN" time="0.003" classname="com.nhanvo.springmvc.controller.AppControllerTest"/>
  <testcase name="updateEmployeeWithValidationError" time="0.001" classname="com.nhanvo.springmvc.controller.AppControllerTest"/>
  <testcase name="deleteEmployee" time="0.019" classname="com.nhanvo.springmvc.controller.AppControllerTest"/>
  <testcase name="listEmployees" time="0.010" classname="com.nhanvo.springmvc.controller.AppControllerTest"/>
  <testcase name="updateEmployeeWithSuccess" time="0.002" classname="com.nhanvo.springmvc.controller.AppControllerTest"/>
</testsuite> <!-- com.nhanvo.springmvc.controller.AppControllerTest -->
